<?xml version="1.0" encoding="utf-8"?><testsuites name="pytest tests"><testsuite name="pytest" errors="0" failures="0" skipped="0" tests="15" time="3.409" timestamp="2026-01-24T21:16:54.979137+00:00" hostname="agent-env-c1c9735c-bfd6-4185-88a9-4a6b944e6986"><testcase classname="tests.test_marketing_routes.TestMarketingPublicEndpoints" name="test_submit_demo_request_success" time="0.064" /><testcase classname="tests.test_marketing_routes.TestMarketingPublicEndpoints" name="test_submit_demo_request_minimal" time="0.043" /><testcase classname="tests.test_marketing_routes.TestMarketingPublicEndpoints" name="test_submit_demo_request_invalid_email" time="0.041" /><testcase classname="tests.test_marketing_routes.TestMarketingPublicEndpoints" name="test_submit_demo_request_missing_required" time="0.042" /><testcase classname="tests.test_marketing_routes.TestMarketingPublicEndpoints" name="test_get_website_content_hero" time="0.041" /><testcase classname="tests.test_marketing_routes.TestMarketingPublicEndpoints" name="test_get_website_content_features" time="0.044" /><testcase classname="tests.test_marketing_routes.TestMarketingAdminEndpoints" name="test_get_demo_requests" time="0.354" /><testcase classname="tests.test_marketing_routes.TestMarketingAdminEndpoints" name="test_get_demo_requests_filter_by_status" time="0.324" /><testcase classname="tests.test_marketing_routes.TestMarketingAdminEndpoints" name="test_get_marketing_stats" time="0.323" /><testcase classname="tests.test_marketing_routes.TestMarketingAdminEndpoints" name="test_update_demo_request_status" time="0.371" /><testcase classname="tests.test_marketing_routes.TestMarketingAdminEndpoints" name="test_update_demo_request_notes" time="0.360" /><testcase classname="tests.test_marketing_routes.TestMarketingAdminEndpoints" name="test_update_nonexistent_request" time="0.322" /><testcase classname="tests.test_marketing_routes.TestMarketingAdminEndpoints" name="test_admin_endpoints_without_auth" time="0.360" /><testcase classname="tests.test_marketing_routes.TestMarketingAdminContentEndpoints" name="test_get_all_website_content" time="0.322" /><testcase classname="tests.test_marketing_routes.TestMarketingAdminContentEndpoints" name="test_update_website_content" time="0.322" /></testsuite></testsuites>