<?xml version="1.0" encoding="utf-8"?><testsuites name="pytest tests"><testsuite name="pytest" errors="0" failures="1" skipped="0" tests="15" time="3.509" timestamp="2026-01-24T21:16:37.911991+00:00" hostname="agent-env-c1c9735c-bfd6-4185-88a9-4a6b944e6986"><testcase classname="tests.test_marketing_routes.TestMarketingPublicEndpoints" name="test_submit_demo_request_success" time="0.081" /><testcase classname="tests.test_marketing_routes.TestMarketingPublicEndpoints" name="test_submit_demo_request_minimal" time="0.043" /><testcase classname="tests.test_marketing_routes.TestMarketingPublicEndpoints" name="test_submit_demo_request_invalid_email" time="0.045" /><testcase classname="tests.test_marketing_routes.TestMarketingPublicEndpoints" name="test_submit_demo_request_missing_required" time="0.043" /><testcase classname="tests.test_marketing_routes.TestMarketingPublicEndpoints" name="test_get_website_content_hero" time="0.044" /><testcase classname="tests.test_marketing_routes.TestMarketingPublicEndpoints" name="test_get_website_content_features" time="0.046" /><testcase classname="tests.test_marketing_routes.TestMarketingAdminEndpoints" name="test_get_demo_requests" time="0.356" /><testcase classname="tests.test_marketing_routes.TestMarketingAdminEndpoints" name="test_get_demo_requests_filter_by_status" time="0.354" /><testcase classname="tests.test_marketing_routes.TestMarketingAdminEndpoints" name="test_get_marketing_stats" time="0.325" /><testcase classname="tests.test_marketing_routes.TestMarketingAdminEndpoints" name="test_update_demo_request_status" time="0.360" /><testcase classname="tests.test_marketing_routes.TestMarketingAdminEndpoints" name="test_update_demo_request_notes" time="0.361" /><testcase classname="tests.test_marketing_routes.TestMarketingAdminEndpoints" name="test_update_nonexistent_request" time="0.320" /><testcase classname="tests.test_marketing_routes.TestMarketingAdminEndpoints" name="test_admin_endpoints_without_auth" time="0.322"><failure message="assert 403 == 401&#10; +  where 403 = &lt;Response [403]&gt;.status_code">tests/test_marketing_routes.py:227: in test_admin_endpoints_without_auth
    assert response.status_code == 401
E   assert 403 == 401
E    +  where 403 = &lt;Response [403]&gt;.status_code</failure></testcase><testcase classname="tests.test_marketing_routes.TestMarketingAdminContentEndpoints" name="test_get_all_website_content" time="0.330" /><testcase classname="tests.test_marketing_routes.TestMarketingAdminContentEndpoints" name="test_update_website_content" time="0.337" /></testsuite></testsuites>